<?xml version="1.0" encoding="UTF-8"?>
<!-- Generated by org.testng.reporters.JUnitReportReporter -->
<testsuite hostname="DESKTOP-1CCS179" failures="0" tests="2" name="com.opencart.testBase.TestBase" time="26.009" errors="0" timestamp="2023-06-07T08:16:05 IST" skipped="0">
  <testcase classname="com.opencart.testBase.TestBase" name="test2" time="18.884"/>
  <system-out/>
  <testcase classname="com.opencart.testBase.TestBase" name="test1" time="7.125"/>
  <system-out/>
</testsuite> <!-- com.opencart.testBase.TestBase -->
