<?xml version="1.0" encoding="UTF-8"?>
<!-- Generated by org.testng.reporters.JUnitReportReporter -->
<testsuite hostname="DESKTOP-1CCS179" failures="0" tests="2" name="com.opencart.testLayer.XYZ" time="16.286" errors="0" timestamp="2023-06-07T08:19:44 IST" skipped="0">
  <testcase classname="com.opencart.testLayer.XYZ" name="test1" time="9.980"/>
  <system-out/>
  <testcase classname="com.opencart.testLayer.XYZ" name="test2" time="6.306"/>
  <system-out/>
</testsuite> <!-- com.opencart.testLayer.XYZ -->
