<?xml version="1.0" encoding="UTF-8"?>
<!-- Generated by org.testng.reporters.JUnitReportReporter -->
<testsuite hostname="DESKTOP-1CCS179" failures="0" tests="2" name="com.opencart.testLayer.LoginPageTest" time="19.011" errors="0" timestamp="2023-06-13T08:40:40 IST" skipped="0">
  <testcase classname="com.opencart.testLayer.LoginPageTest" name="validateLoggingintotheApplicationUsingValidCredentials" time="11.934"/>
  <system-out/>
  <testcase classname="com.opencart.testLayer.LoginPageTest" name="validateLoggingintotheApplicationUsingInValidCredentials" time="7.077"/>
  <system-out/>
</testsuite> <!-- com.opencart.testLayer.LoginPageTest -->
